<?xml version="1.0" encoding="UTF-8" ?>
<testsuite errors="1" failures="0" hostname="na1dpkapl1111v.na.pubgroupe.net" name="RequestQuote" tests="1" time="0.0" timestamp="2014-04-30T17:57:26">
  <properties>
    <property name="java.vendor" value="Oracle Corporation" />
    <property name="env.SELINUX_USE_CURRENT_RANGE" value="" />
    <property name="env.LESSOPEN" value="|/usr/bin/lesspipe.sh %s" />
    <property name="sun.java.launcher" value="SUN_STANDARD" />
    <property name="sun.management.compiler" value="HotSpot 64-Bit Tiered Compilers" />
    <property name="env._system_arch" value="x86_64" />
    <property name="os.name" value="Linux" />
    <property name="sun.boot.class.path" value="/usr/lib/jvm/java-1.7.0-openjdk-1.7.0.51.x86_64/jre/lib/resources.jar:/usr/lib/jvm/java-1.7.0-openjdk-1.7.0.51.x86_64/jre/lib/rt.jar:/usr/lib/jvm/java-1.7.0-openjdk-1.7.0.51.x86_64/jre/lib/sunrsasign.jar:/usr/lib/jvm/java-1.7.0-openjdk-1.7.0.51.x86_64/jre/lib/jsse.jar:/usr/lib/jvm/java-1.7.0-openjdk-1.7.0.51.x86_64/jre/lib/jce.jar:/usr/lib/jvm/java-1.7.0-openjdk-1.7.0.51.x86_64/jre/lib/charsets.jar:/usr/lib/jvm/java-1.7.0-openjdk-1.7.0.51.x86_64/jre/lib/netx.jar:/usr/lib/jvm/java-1.7.0-openjdk-1.7.0.51.x86_64/jre/lib/plugin.jar:/usr/lib/jvm/java-1.7.0-openjdk-1.7.0.51.x86_64/jre/lib/rhino.jar:/usr/lib/jvm/java-1.7.0-openjdk-1.7.0.51.x86_64/jre/lib/jfr.jar:/usr/lib/jvm/java-1.7.0-openjdk-1.7.0.51.x86_64/jre/classes" />
    <property name="env.PWD" value="/data/Automation/TriHonda" />
    <property name="env.LANG" value="en_US.UTF-8" />
    <property name="java.vm.specification.vendor" value="Oracle Corporation" />
    <property name="ant.home" value="/usr/share/ant" />
    <property name="java.runtime.version" value="1.7.0_51-mockbuild_2014_01_15_01_39-b00" />
    <property name="env.HISTSIZE" value="1000" />
    <property name="env.rvm_version" value="1.25.20 (stable)" />
    <property name="user.name" value="agolubev" />
    <property name="env.USER" value="agolubev" />
    <property name="env.HISTCONTROL" value="ignoredups" />
    <property name="env.SHELL" value="/bin/bash" />
    <property name="env.SSH_TTY" value="/dev/pts/8" />
    <property name="env.NLSPATH" value="/usr/dt/lib/nls/msg/%L/%N.cat" />
    <property name="env._system_type" value="Linux" />
    <property name="env.PATH" value="/usr/local/maven/bin:/usr/local/maven:/usr/lib/jvm/jre-1.7.0-openjdk.x86_64:/usr/local/apache-maven-2.0.11/bin:/usr/local/maven/bin:/usr/local/bin:/bin:/usr/bin:/usr/local/sbin:/usr/sbin:/sbin:/var/cfengine/bin:/home/agolubev/bin:/home/agolubev/.rvm/bin" />
    <property name="user.language" value="en" />
    <property name="env.rvm_prefix" value="/home/agolubev" />
    <property name="sun.boot.library.path" value="/usr/lib/jvm/java-1.7.0-openjdk-1.7.0.51.x86_64/jre/lib/amd64" />
    <property name="env.SSH_CONNECTION" value="10.10.10.34 49428 10.10.10.34 22" />
    <property name="ant.project.name" value="TriHonda" />
    <property name="env.rvm_path" value="/home/agolubev/.rvm" />
    <property name="java.version" value="1.7.0_51" />
    <property name="env.SSH_CLIENT" value="10.10.10.34 49428 22" />
    <property name="user.timezone" value="" />
    <property name="sun.arch.data.model" value="64" />
    <property name="env.SELINUX_ROLE_REQUESTED" value="" />
    <property name="env._system_name" value="CentOS" />
    <property name="java.endorsed.dirs" value="/usr/lib/jvm/java-1.7.0-openjdk-1.7.0.51.x86_64/jre/lib/endorsed" />
    <property name="sun.cpu.isalist" value="" />
    <property name="sun.jnu.encoding" value="UTF-8" />
    <property name="env.rvm_bin_path" value="/home/agolubev/.rvm/bin" />
    <property name="file.encoding.pkg" value="sun.io" />
    <property name="env.SHLVL" value="1" />
    <property name="ECLIPSE_HOME" value="../../Screen shots/oralb/eclipse" />
    <property name="env.HOSTNAME" value="na1dpkapl1111v.na.pubgroupe.net" />
    <property name="file.separator" value="/" />
    <property name="env._system_version" value="6" />
    <property name="java.specification.name" value="Java Platform API Specification" />
    <property name="java.class.version" value="51.0" />
    <property name="user.country" value="US" />
    <property name="java.home" value="/usr/lib/jvm/java-1.7.0-openjdk-1.7.0.51.x86_64/jre" />
    <property name="java.vm.info" value="mixed mode" />
    <property name="env.LOGNAME" value="agolubev" />
    <property name="ant.file" value="/data/Automation/TriHonda/build.xml" />
    <property name="os.version" value="2.6.32-431.11.2.el6.x86_64" />
    <property name="env.G_BROKEN_FILENAMES" value="1" />
    <property name="path.separator" value=":" />
    <property name="java.vm.version" value="24.45-b08" />
    <property name="ant.library.dir" value="/usr/share/ant/lib" />
    <property name="junit.output.dir" value="junit" />
    <property name="env.JAVA_HOME" value="/usr/lib/jvm/jre-1.7.0-openjdk.x86_64" />
    <property name="java.awt.printerjob" value="sun.print.PSPrinterJob" />
    <property name="env.TERM" value="xterm-256color" />
    <property name="sun.io.unicode.encoding" value="UnicodeLittle" />
    <property name="awt.toolkit" value="sun.awt.X11.XToolkit" />
    <property name="env.MANPATH" value=":/var/cfengine/share/man" />
    <property name="user.home" value="/home/agolubev" />
    <property name="target" value="1.6" />
    <property name="java.specification.vendor" value="Oracle Corporation" />
    <property name="env.HISTTIMEFORMAT" value="%F %T " />
    <property name="env.M2_HOME" value="/usr/local/maven" />
    <property name="java.library.path" value="/usr/java/packages/lib/amd64:/usr/lib64:/lib64:/lib:/usr/lib" />
    <property name="java.vendor.url" value="http://java.oracle.com/" />
    <property name="java.vm.vendor" value="Oracle Corporation" />
    <property name="java.runtime.name" value="OpenJDK Runtime Environment" />
    <property name="ant.version" value="Apache Ant version 1.7.1 compiled on August 24 2010" />
    <property name="java.class.path" value="/data/Automation/TriHonda/bin:/data/Automation/TriHonda/src/library/junit-4.11.jar:/data/Automation/TriHonda/src/library/jxl-2.6.jar:/data/Automation/TriHonda/src/library/selenium-server-2.37.0.jar:/data/Automation/TriHonda/src/library/jxl.jar:/data/Automation/TriHonda/src/library/commons-fileupload-1.3.1.jar:/data/Automation/TriHonda/src/library/commons-logging-1.1.3-javadoc.jar:/data/Automation/TriHonda/src/library/commons-logging-1.1.3-sources.jar:/data/Automation/TriHonda/src/library/commons-logging-1.1.3-test-sources.jar:/data/Automation/TriHonda/src/library/commons-logging-1.1.3-tests.jar:/data/Automation/TriHonda/src/library/commons-logging-1.1.3.jar:/data/Automation/TriHonda/src/library/commons-logging-adapters-1.1.3.jar:/data/Automation/TriHonda/src/library/commons-logging-api-1.1.3.jar:/data/Automation/TriHonda/src/library/commons-logging-tests.jar:/data/Automation/TriHonda/src/library/commons-io-2.4-javadoc.jar:/data/Automation/TriHonda/src/library/commons-io-2.4-sources.jar:/data/Automation/TriHonda/src/library/commons-io-2.4-test-sources.jar:/data/Automation/TriHonda/src/library/commons-io-2.4-tests.jar:/data/Automation/TriHonda/src/library/commons-io-2.4.jar:/data/Automation/TriHonda/src/library/selenium-server-standalone-2.37.0.jar:/usr/share/java/junit-3.8.2.jar:/usr/share/java/ant-launcher-1.7.1.jar:/usr/share/java/ant-1.7.1.jar:/usr/share/java/ant/ant-junit-1.7.1.jar" />
    <property name="sun.java.command" value="org.apache.tools.ant.taskdefs.optional.junit.JUnitTestRunner RequestQuote filtertrace=true haltOnError=false haltOnFailure=false formatter=org.apache.tools.ant.taskdefs.optional.junit.OutErrSummaryJUnitResultFormatter showoutput=false outputtoformatters=true logtestlistenerevents=true formatter=org.apache.tools.ant.taskdefs.optional.junit.XMLJUnitResultFormatter,/data/Automation/TriHonda/junit/TEST-RequestQuote.xml crashfile=/data/Automation/TriHonda/junitvmwatcher2612524102622897115.properties propsfile=/data/Automation/TriHonda/junit7564520841570002687.properties" />
    <property name="env.CVS_RSH" value="ssh" />
    <property name="env.XFILESEARCHPATH" value="/usr/dt/app-defaults/%L/Dt" />
    <property name="java.vm.specification.name" value="Java Virtual Machine Specification" />
    <property name="java.vm.specification.version" value="1.7" />
    <property name="sun.os.patch.level" value="unknown" />
    <property name="sun.cpu.endian" value="little" />
    <property name="env.HOME" value="/home/agolubev" />
    <property name="debuglevel" value="source,lines,vars" />
    <property name="java.io.tmpdir" value="/tmp" />
    <property name="env.LS_COLORS" value="rs=0:di=38;5;27:ln=38;5;51:mh=44;38;5;15:pi=40;38;5;11:so=38;5;13:do=38;5;5:bd=48;5;232;38;5;11:cd=48;5;232;38;5;3:or=48;5;232;38;5;9:mi=05;48;5;232;38;5;15:su=48;5;196;38;5;15:sg=48;5;11;38;5;16:ca=48;5;196;38;5;226:tw=48;5;10;38;5;16:ow=48;5;10;38;5;21:st=48;5;21;38;5;15:ex=38;5;34:*.tar=38;5;9:*.tgz=38;5;9:*.arj=38;5;9:*.taz=38;5;9:*.lzh=38;5;9:*.lzma=38;5;9:*.tlz=38;5;9:*.txz=38;5;9:*.zip=38;5;9:*.z=38;5;9:*.Z=38;5;9:*.dz=38;5;9:*.gz=38;5;9:*.lz=38;5;9:*.xz=38;5;9:*.bz2=38;5;9:*.tbz=38;5;9:*.tbz2=38;5;9:*.bz=38;5;9:*.tz=38;5;9:*.deb=38;5;9:*.rpm=38;5;9:*.jar=38;5;9:*.rar=38;5;9:*.ace=38;5;9:*.zoo=38;5;9:*.cpio=38;5;9:*.7z=38;5;9:*.rz=38;5;9:*.jpg=38;5;13:*.jpeg=38;5;13:*.gif=38;5;13:*.bmp=38;5;13:*.pbm=38;5;13:*.pgm=38;5;13:*.ppm=38;5;13:*.tga=38;5;13:*.xbm=38;5;13:*.xpm=38;5;13:*.tif=38;5;13:*.tiff=38;5;13:*.png=38;5;13:*.svg=38;5;13:*.svgz=38;5;13:*.mng=38;5;13:*.pcx=38;5;13:*.mov=38;5;13:*.mpg=38;5;13:*.mpeg=38;5;13:*.m2v=38;5;13:*.mkv=38;5;13:*.ogm=38;5;13:*.mp4=38;5;13:*.m4v=38;5;13:*.mp4v=38;5;13:*.vob=38;5;13:*.qt=38;5;13:*.nuv=38;5;13:*.wmv=38;5;13:*.asf=38;5;13:*.rm=38;5;13:*.rmvb=38;5;13:*.flc=38;5;13:*.avi=38;5;13:*.fli=38;5;13:*.flv=38;5;13:*.gl=38;5;13:*.dl=38;5;13:*.xcf=38;5;13:*.xwd=38;5;13:*.yuv=38;5;13:*.cgm=38;5;13:*.emf=38;5;13:*.axv=38;5;13:*.anx=38;5;13:*.ogv=38;5;13:*.ogx=38;5;13:*.aac=38;5;45:*.au=38;5;45:*.flac=38;5;45:*.mid=38;5;45:*.midi=38;5;45:*.mka=38;5;45:*.mp3=38;5;45:*.mpc=38;5;45:*.ogg=38;5;45:*.ra=38;5;45:*.wav=38;5;45:*.axa=38;5;45:*.oga=38;5;45:*.spx=38;5;45:*.xspf=38;5;45:" />
    <property name="java.vendor.url.bug" value="http://bugreport.sun.com/bugreport/" />
    <property name="java.awt.graphicsenv" value="sun.awt.X11GraphicsEnvironment" />
    <property name="os.arch" value="amd64" />
    <property name="java.ext.dirs" value="/usr/lib/jvm/java-1.7.0-openjdk-1.7.0.51.x86_64/jre/lib/ext:/usr/java/packages/lib/ext" />
    <property name="user.dir" value="/data/Automation/TriHonda" />
    <property name="line.separator" value="
" />
    <property name="java.vm.name" value="OpenJDK 64-Bit Server VM" />
    <property name="basedir" value="/data/Automation/TriHonda" />
    <property name="ant.java.version" value="1.6" />
    <property name="env.SELINUX_LEVEL_REQUESTED" value="" />
    <property name="env.M2" value="/usr/local/maven/bin" />
    <property name="ant.core.lib" value="/usr/share/java/ant-1.7.1.jar" />
    <property name="source" value="1.6" />
    <property name="env.MAIL" value="/var/spool/mail/agolubev" />
    <property name="file.encoding" value="UTF-8" />
    <property name="ant.file.TriHonda" value="/data/Automation/TriHonda/build.xml" />
    <property name="java.specification.version" value="1.7" />
    <property name="env.SSH_ASKPASS" value="/usr/libexec/openssh/gnome-ssh-askpass" />
  </properties>
  <error message="RequestQuote" type="java.lang.ClassNotFoundException">java.lang.ClassNotFoundException: RequestQuote
	at java.net.URLClassLoader$1.run(URLClassLoader.java:366)
	at java.net.URLClassLoader$1.run(URLClassLoader.java:355)
	at java.security.AccessController.doPrivileged(Native Method)
	at java.net.URLClassLoader.findClass(URLClassLoader.java:354)
	at java.lang.ClassLoader.loadClass(ClassLoader.java:425)
	at sun.misc.Launcher$AppClassLoader.loadClass(Launcher.java:308)
	at java.lang.ClassLoader.loadClass(ClassLoader.java:358)
	at java.lang.Class.forName0(Native Method)
	at java.lang.Class.forName(Class.java:190)
</error>
  <system-out><![CDATA[]]></system-out>
  <system-err><![CDATA[]]></system-err>
</testsuite>
